Sorry, try again.
Sorry, try again.
Sorry, try again.
sudo: 3 incorrect password attempts
Sat Jan 26 15:15:45 [initandlisten] MongoDB starting : pid=8724 port=27017 dbpath=/Users/rongxanh2052004/mongodb/data 64-bit host=Buis-iMac.local
Sat Jan 26 15:15:45 [initandlisten] db version v2.0.6, pdfile version 4.5
Sat Jan 26 15:15:45 [initandlisten] git version: e1c0cbc25863f6356aa4e31375add7bb49fb05bc
Sat Jan 26 15:15:45 [initandlisten] build info: Darwin erh2.10gen.cc 9.8.0 Darwin Kernel Version 9.8.0: Wed Jul 15 16:55:01 PDT 2009; root:xnu-1228.15.4~1/RELEASE_I386 i386 BOOST_LIB_VERSION=1_40
Sat Jan 26 15:15:45 [initandlisten] options: { dbpath: "/Users/rongxanh2052004/mongodb/data" }
Sat Jan 26 15:15:45 [initandlisten] exception in initAndListen: 10296 dbpath (/Users/rongxanh2052004/mongodb/data) does not exist, terminating
Sat Jan 26 15:15:45 dbexit: 
Sat Jan 26 15:15:45 [initandlisten] shutdown: going to close listening sockets...
Sat Jan 26 15:15:45 [initandlisten] shutdown: going to flush diaglog...
Sat Jan 26 15:15:45 [initandlisten] shutdown: going to close sockets...
Sat Jan 26 15:15:45 [initandlisten] shutdown: waiting for fs preallocator...
Sat Jan 26 15:15:45 [initandlisten] shutdown: lock for final commit...
Sat Jan 26 15:15:45 [initandlisten] shutdown: final commit...
Sat Jan 26 15:15:45 [initandlisten] shutdown: closing all files...
Sat Jan 26 15:15:45 [initandlisten] closeAllFiles() finished
Sat Jan 26 15:15:45 dbexit: really exiting now
